# JRE version: OpenJDK Runtime Environment Temurin-21.0.10+7 (21.0.10+7) (build 21.0.10+7-LTS)
# Java VM: OpenJDK 64-Bit Server VM Temurin-21.0.10+7 (21.0.10+7-LTS, mixed mode, sharing, tiered, compressed oops, compressed class ptrs, g1 gc, windows-amd64)
GC Precious Log:
 CardTable entry size: 512
 Card Set container configuration: InlinePtr #cards 4 size 8 Array Of Cards #cards 16 size 48 Howl #buckets 8 coarsen threshold 3686 Howl Bitmap #cards 512 size 80 coarsen threshold 460 Card regions per heap region 1 cards per card region 4096
 CPUs: 12 total, 12 available
 Memory: 15599M
 Large Page Support: Disabled
 NUMA Support: Disabled
 Compressed Oops: Enabled (Zero based)
 Heap Region Size: 2M
 Heap Min Capacity: 8M
 Heap Initial Capacity: 244M
 Heap Max Capacity: 3900M
 Pre-touch: Disabled
 Parallel Workers: 10
 Concurrent Workers: 3
 Concurrent Refinement Workers: 10
 Periodic GC: Disabled
Heap:
 garbage-first heap   total 65536K, used 48140K [0x000000070c400000, 0x0000000800000000)
  region size 2048K, 7 young (14336K), 1 survivors (2048K)
 Metaspace       used 73205K, committed 73920K, reserved 1114112K
  class space    used 9316K, committed 9664K, reserved 1048576K
GC Heap History (20 events):
Event: 1.976 GC heap before
{Heap before GC invocations=5 (full 0):
 garbage-first heap   total 65536K, used 45389K [0x000000070c400000, 0x0000000800000000)
  region size 2048K, 19 young (38912K), 5 survivors (10240K)
 Metaspace       used 34108K, committed 34560K, reserved 1114112K
  class space    used 4452K, committed 4672K, reserved 1048576K
}
Event: 1.980 GC heap after
{Heap after GC invocations=6 (full 0):
 garbage-first heap   total 65536K, used 18364K [0x000000070c400000, 0x0000000800000000)
  region size 2048K, 3 young (6144K), 3 survivors (6144K)
 Metaspace       used 34108K, committed 34560K, reserved 1114112K
  class space    used 4452K, committed 4672K, reserved 1048576K
}
Event: 2.039 GC heap before
{Heap before GC invocations=6 (full 0):
 garbage-first heap   total 65536K, used 22460K [0x000000070c400000, 0x0000000800000000)
  region size 2048K, 6 young (12288K), 3 survivors (6144K)
 Metaspace       used 35495K, committed 35968K, reserved 1114112K
  class space    used 4629K, committed 4864K, reserved 1048576K
}
Event: 2.041 GC heap after
{Heap after GC invocations=7 (full 0):
 garbage-first heap   total 65536K, used 19079K [0x000000070c400000, 0x0000000800000000)
  region size 2048K, 2 young (4096K), 2 survivors (4096K)
 Metaspace       used 35495K, committed 35968K, reserved 1114112K
  class space    used 4629K, committed 4864K, reserved 1048576K
}
Event: 2.379 GC heap before
{Heap before GC invocations=8 (full 0):
 garbage-first heap   total 65536K, used 49799K [0x000000070c400000, 0x0000000800000000)
  region size 2048K, 18 young (36864K), 2 survivors (4096K)
 Metaspace       used 41850K, committed 42432K, reserved 1114112K
  class space    used 5351K, committed 5632K, reserved 1048576K
}
Event: 2.383 GC heap after
{Heap after GC invocations=9 (full 0):
 garbage-first heap   total 65536K, used 22908K [0x000000070c400000, 0x0000000800000000)
  region size 2048K, 3 young (6144K), 3 survivors (6144K)
 Metaspace       used 41850K, committed 42432K, reserved 1114112K
  class space    used 5351K, committed 5632K, reserved 1048576K
}
Event: 2.863 GC heap before
{Heap before GC invocations=9 (full 0):
 garbage-first heap   total 65536K, used 51580K [0x000000070c400000, 0x0000000800000000)
  region size 2048K, 17 young (34816K), 3 survivors (6144K)
 Metaspace       used 50082K, committed 50688K, reserved 1114112K
  class space    used 6487K, committed 6784K, reserved 1048576K
}
Event: 2.868 GC heap after
{Heap after GC invocations=10 (full 0):
 garbage-first heap   total 65536K, used 26813K [0x000000070c400000, 0x0000000800000000)
  region size 2048K, 2 young (4096K), 2 survivors (4096K)
 Metaspace       used 50082K, committed 50688K, reserved 1114112K
  class space    used 6487K, committed 6784K, reserved 1048576K
}
Event: 3.671 GC heap before
{Heap before GC invocations=10 (full 0):
 garbage-first heap   total 65536K, used 51389K [0x000000070c400000, 0x0000000800000000)
  region size 2048K, 15 young (30720K), 2 survivors (4096K)
 Metaspace       used 55196K, committed 55744K, reserved 1114112K
  class space    used 7136K, committed 7360K, reserved 1048576K
}
Event: 3.674 GC heap after
{Heap after GC invocations=11 (full 0):
 garbage-first heap   total 65536K, used 28962K [0x000000070c400000, 0x0000000800000000)
  region size 2048K, 2 young (4096K), 2 survivors (4096K)
 Metaspace       used 55196K, committed 55744K, reserved 1114112K
  class space    used 7136K, committed 7360K, reserved 1048576K
}
Event: 4.140 GC heap before
{Heap before GC invocations=11 (full 0):
 garbage-first heap   total 65536K, used 53538K [0x000000070c400000, 0x0000000800000000)
  region size 2048K, 14 young (28672K), 2 survivors (4096K)
 Metaspace       used 58686K, committed 59328K, reserved 1114112K
  class space    used 7583K, committed 7872K, reserved 1048576K
}
Event: 4.143 GC heap after
{Heap after GC invocations=12 (full 0):
 garbage-first heap   total 65536K, used 31829K [0x000000070c400000, 0x0000000800000000)
  region size 2048K, 2 young (4096K), 2 survivors (4096K)
 Metaspace       used 58686K, committed 59328K, reserved 1114112K
  class space    used 7583K, committed 7872K, reserved 1048576K
}
Event: 4.193 GC heap before
{Heap before GC invocations=12 (full 0):
 garbage-first heap   total 65536K, used 31829K [0x000000070c400000, 0x0000000800000000)
  region size 2048K, 3 young (6144K), 2 survivors (4096K)
 Metaspace       used 59543K, committed 60160K, reserved 1114112K
  class space    used 7711K, committed 8000K, reserved 1048576K
}
Event: 4.195 GC heap after
{Heap after GC invocations=13 (full 0):
 garbage-first heap   total 65536K, used 32407K [0x000000070c400000, 0x0000000800000000)
  region size 2048K, 1 young (2048K), 1 survivors (2048K)
 Metaspace       used 59543K, committed 60160K, reserved 1114112K
  class space    used 7711K, committed 8000K, reserved 1048576K
}
Event: 4.741 GC heap before
{Heap before GC invocations=14 (full 0):
 garbage-first heap   total 65536K, used 54935K [0x000000070c400000, 0x0000000800000000)
  region size 2048K, 12 young (24576K), 1 survivors (2048K)
 Metaspace       used 63661K, committed 64384K, reserved 1114112K
  class space    used 8229K, committed 8576K, reserved 1048576K
}
Event: 4.744 GC heap after
{Heap after GC invocations=15 (full 0):
 garbage-first heap   total 65536K, used 34073K [0x000000070c400000, 0x0000000800000000)
  region size 2048K, 2 young (4096K), 2 survivors (4096K)
 Metaspace       used 63661K, committed 64384K, reserved 1114112K
  class space    used 8229K, committed 8576K, reserved 1048576K
}
Event: 10.674 GC heap before
{Heap before GC invocations=15 (full 0):
 garbage-first heap   total 65536K, used 52505K [0x000000070c400000, 0x0000000800000000)
  region size 2048K, 12 young (24576K), 2 survivors (4096K)
 Metaspace       used 68477K, committed 69184K, reserved 1114112K
  class space    used 8752K, committed 9088K, reserved 1048576K
}
Event: 10.678 GC heap after
{Heap after GC invocations=16 (full 0):
 garbage-first heap   total 65536K, used 35651K [0x000000070c400000, 0x0000000800000000)
  region size 2048K, 2 young (4096K), 2 survivors (4096K)
 Metaspace       used 68477K, committed 69184K, reserved 1114112K
  class space    used 8752K, committed 9088K, reserved 1048576K
}
Event: 28.741 GC heap before
{Heap before GC invocations=16 (full 0):
 garbage-first heap   total 65536K, used 54083K [0x000000070c400000, 0x0000000800000000)
  region size 2048K, 12 young (24576K), 2 survivors (4096K)
 Metaspace       used 72747K, committed 73536K, reserved 1114112K
  class space    used 9306K, committed 9664K, reserved 1048576K
}
Event: 28.744 GC heap after
{Heap after GC invocations=17 (full 0):
 garbage-first heap   total 65536K, used 37900K [0x000000070c400000, 0x0000000800000000)
  region size 2048K, 1 young (2048K), 1 survivors (2048K)
 Metaspace       used 72747K, committed 73536K, reserved 1114112K
  class space    used 9306K, committed 9664K, reserved 1048576K
}

